<?xml version="1.0" encoding="UTF-8"?>
<!-- Generated by org.testng.reporters.JUnitReportReporter -->
<testsuite hostname="demjrhan" failures="0" tests="3" name="Learning.SimpleTest" time="0.006" errors="0" timestamp="2025-08-10T18:29:15 CEST" skipped="0">
  <testcase classname="Learning.SimpleTest" name="testStringOperations" time="0.001"/>
  <testcase classname="Learning.SimpleTest" name="testBooleanLogic" time="0.000"/>
  <testcase classname="Learning.SimpleTest" name="testBasicMath" time="0.005"/>
</testsuite> <!-- Learning.SimpleTest -->
